[     755ms] [ERROR] Failed to load resource: the server responded with a status of 404 (Not Found) @ http://localhost:3001/_next/static/chunks/main-app.js?v=1776118373452:0
[     755ms] [ERROR] Refused to execute script from 'http://localhost:3001/_next/static/chunks/main-app.js?v=1776118373452' because its MIME type ('text/html') is not executable, and strict MIME type checking is enabled. @ http://localhost:3001/dashboard/onboarding:0
[     755ms] [ERROR] Failed to load resource: the server responded with a status of 404 (Not Found) @ http://localhost:3001/_next/static/chunks/app-pages-internals.js:0
[     755ms] [ERROR] Refused to execute script from 'http://localhost:3001/_next/static/chunks/app-pages-internals.js' because its MIME type ('text/html') is not executable, and strict MIME type checking is enabled. @ http://localhost:3001/dashboard/onboarding:0
[     755ms] [ERROR] Failed to load resource: the server responded with a status of 404 (Not Found) @ http://localhost:3001/_next/static/chunks/app/not-found.js:0
[     755ms] [ERROR] Refused to execute script from 'http://localhost:3001/_next/static/chunks/app/not-found.js' because its MIME type ('text/html') is not executable, and strict MIME type checking is enabled. @ http://localhost:3001/dashboard/onboarding:0
[     756ms] [ERROR] Failed to load resource: the server responded with a status of 404 (Not Found) @ http://localhost:3001/_next/static/chunks/app/error.js:0
[     756ms] [ERROR] Refused to execute script from 'http://localhost:3001/_next/static/chunks/app/error.js' because its MIME type ('text/html') is not executable, and strict MIME type checking is enabled. @ http://localhost:3001/dashboard/onboarding:0
[   67420ms] [ERROR] Failed to load resource: the server responded with a status of 404 (Not Found) @ http://localhost:3001/_next/static/chunks/main-app.js?v=1776118440398:0
[   67420ms] [ERROR] Refused to execute script from 'http://localhost:3001/_next/static/chunks/main-app.js?v=1776118440398' because its MIME type ('text/html') is not executable, and strict MIME type checking is enabled. @ http://localhost:3001/dashboard/onboarding:0
[   67420ms] [ERROR] Failed to load resource: the server responded with a status of 404 (Not Found) @ http://localhost:3001/_next/static/chunks/app-pages-internals.js:0
[   67420ms] [ERROR] Refused to execute script from 'http://localhost:3001/_next/static/chunks/app-pages-internals.js' because its MIME type ('text/html') is not executable, and strict MIME type checking is enabled. @ http://localhost:3001/dashboard/onboarding:0
[   67420ms] [ERROR] Failed to load resource: the server responded with a status of 404 (Not Found) @ http://localhost:3001/_next/static/chunks/app/error.js:0
[   67420ms] [ERROR] Refused to execute script from 'http://localhost:3001/_next/static/chunks/app/error.js' because its MIME type ('text/html') is not executable, and strict MIME type checking is enabled. @ http://localhost:3001/dashboard/onboarding:0
[   67420ms] [ERROR] Failed to load resource: the server responded with a status of 404 (Not Found) @ http://localhost:3001/_next/static/chunks/app/not-found.js:0
[   67420ms] [ERROR] Refused to execute script from 'http://localhost:3001/_next/static/chunks/app/not-found.js' because its MIME type ('text/html') is not executable, and strict MIME type checking is enabled. @ http://localhost:3001/dashboard/onboarding:0
[   69197ms] [ERROR] Failed to load resource: the server responded with a status of 404 (Not Found) @ http://localhost:3001/_next/static/chunks/main-app.js?v=1776118442217:0
[   69197ms] [ERROR] Refused to execute script from 'http://localhost:3001/_next/static/chunks/main-app.js?v=1776118442217' because its MIME type ('text/html') is not executable, and strict MIME type checking is enabled. @ http://localhost:3001/dashboard/onboarding:0
[   69198ms] [ERROR] Failed to load resource: the server responded with a status of 404 (Not Found) @ http://localhost:3001/_next/static/chunks/app-pages-internals.js:0
[   69198ms] [ERROR] Refused to execute script from 'http://localhost:3001/_next/static/chunks/app-pages-internals.js' because its MIME type ('text/html') is not executable, and strict MIME type checking is enabled. @ http://localhost:3001/dashboard/onboarding:0
[   69198ms] [ERROR] Failed to load resource: the server responded with a status of 404 (Not Found) @ http://localhost:3001/_next/static/chunks/app/error.js:0
[   69198ms] [ERROR] Refused to execute script from 'http://localhost:3001/_next/static/chunks/app/error.js' because its MIME type ('text/html') is not executable, and strict MIME type checking is enabled. @ http://localhost:3001/dashboard/onboarding:0
[   69206ms] [ERROR] Failed to load resource: the server responded with a status of 404 (Not Found) @ http://localhost:3001/_next/static/chunks/app/not-found.js:0
[   69206ms] [ERROR] Refused to execute script from 'http://localhost:3001/_next/static/chunks/app/not-found.js' because its MIME type ('text/html') is not executable, and strict MIME type checking is enabled. @ http://localhost:3001/dashboard/onboarding:0
